[2025-09-19 22:11:42:685][main] INFO  c.e.c.CoupleDiaryApplication - Starting CoupleDiaryApplication using Java 17.0.12 with PID 20796 (D:\Programing\coupleDiary\coupleDiary\build\classes\java\main started by minyoung in D:\Programing\coupleDiary)
[2025-09-19 22:11:42:687][main] INFO  c.e.c.CoupleDiaryApplication - No active profile set, falling back to 1 default profile: "default"
[2025-09-19 22:11:43:1505][main] INFO  o.s.d.r.c.RepositoryConfigurationDelegate - Bootstrapping Spring Data JPA repositories in DEFAULT mode.
[2025-09-19 22:11:43:1582][main] INFO  o.s.d.r.c.RepositoryConfigurationDelegate - Finished Spring Data repository scanning in 68 ms. Found 2 JPA repository interfaces.
[2025-09-19 22:11:44:2121][main] INFO  o.s.b.w.e.tomcat.TomcatWebServer - Tomcat initialized with port 8080 (http)
[2025-09-19 22:11:44:2133][main] INFO  o.a.coyote.http11.Http11NioProtocol - Initializing ProtocolHandler ["http-nio-8080"]
[2025-09-19 22:11:44:2135][main] INFO  o.a.catalina.core.StandardService - Starting service [Tomcat]
[2025-09-19 22:11:44:2135][main] INFO  o.a.catalina.core.StandardEngine - Starting Servlet engine: [Apache Tomcat/10.1.44]
[2025-09-19 22:11:44:2201][main] INFO  o.a.c.c.C.[Tomcat].[localhost].[/] - Initializing Spring embedded WebApplicationContext
[2025-09-19 22:11:44:2201][main] INFO  o.s.b.w.s.c.ServletWebServerApplicationContext - Root WebApplicationContext: initialization completed in 1466 ms
[2025-09-19 22:11:44:2316][main] INFO  o.h.jpa.internal.util.LogHelper - HHH000204: Processing PersistenceUnitInfo [name: default]
[2025-09-19 22:11:44:2406][main] INFO  org.hibernate.Version - HHH000412: Hibernate ORM core version 6.6.26.Final
[2025-09-19 22:11:44:2456][main] INFO  o.h.c.i.RegionFactoryInitiator - HHH000026: Second-level cache disabled
[2025-09-19 22:11:44:2804][main] INFO  o.s.o.j.p.SpringPersistenceUnitInfo - No LoadTimeWeaver setup: ignoring JPA class transformer
[2025-09-19 22:11:45:2842][main] INFO  com.zaxxer.hikari.HikariDataSource - HikariPool-1 - Starting...
[2025-09-19 22:11:45:3081][main] INFO  com.zaxxer.hikari.pool.HikariPool - HikariPool-1 - Added connection com.mysql.cj.jdbc.ConnectionImpl@e2c627e
[2025-09-19 22:11:45:3084][main] INFO  com.zaxxer.hikari.HikariDataSource - HikariPool-1 - Start completed.
[2025-09-19 22:11:45:3236][main] WARN  org.hibernate.orm.deprecation - HHH90000025: MySQL8Dialect does not need to be specified explicitly using 'hibernate.dialect' (remove the property setting and it will be selected by default)
[2025-09-19 22:11:45:3237][main] WARN  org.hibernate.orm.deprecation - HHH90000026: MySQL8Dialect has been deprecated; use org.hibernate.dialect.MySQLDialect instead
[2025-09-19 22:11:45:3257][main] INFO  o.hibernate.orm.connections.pooling - HHH10001005: Database info:
	Database JDBC URL [Connecting through datasource 'HikariDataSource (HikariPool-1)']
	Database driver: undefined/unknown
	Database version: 8.0
	Autocommit mode: undefined/unknown
	Isolation level: undefined/unknown
	Minimum pool size: undefined/unknown
	Maximum pool size: undefined/unknown
[2025-09-19 22:11:46:4235][main] INFO  o.h.e.t.j.p.i.JtaPlatformInitiator - HHH000489: No JTA platform available (set 'hibernate.transaction.jta.platform' to enable JTA platform integration)
[2025-09-19 22:11:46:4610][main] INFO  o.s.o.j.LocalContainerEntityManagerFactoryBean - Initialized JPA EntityManagerFactory for persistence unit 'default'
[2025-09-19 22:11:47:4990][main] WARN  o.s.b.w.s.c.AnnotationConfigServletWebServerApplicationContext - Exception encountered during context initialization - cancelling refresh attempt: org.springframework.beans.factory.UnsatisfiedDependencyException: Error creating bean with name 'diaryService' defined in file [D:\Programing\coupleDiary\coupleDiary\build\classes\java\main\com\example\coupleDiary\service\DiaryService.class]: Unsatisfied dependency expressed through constructor parameter 1: No qualifying bean of type 'java.lang.String' available: expected at least 1 bean which qualifies as autowire candidate. Dependency annotations: {}
[2025-09-19 22:11:47:4991][main] INFO  o.s.o.j.LocalContainerEntityManagerFactoryBean - Closing JPA EntityManagerFactory for persistence unit 'default'
[2025-09-19 22:11:47:4994][main] INFO  com.zaxxer.hikari.HikariDataSource - HikariPool-1 - Shutdown initiated...
[2025-09-19 22:11:47:5000][main] INFO  com.zaxxer.hikari.HikariDataSource - HikariPool-1 - Shutdown completed.
[2025-09-19 22:11:47:5001][main] INFO  o.a.catalina.core.StandardService - Stopping service [Tomcat]
[2025-09-19 22:11:47:5010][main] INFO  o.s.b.a.l.ConditionEvaluationReportLogger - 

Error starting ApplicationContext. To display the condition evaluation report re-run your application with 'debug' enabled.
[2025-09-19 22:11:47:5034][main] ERROR o.s.b.d.LoggingFailureAnalysisReporter - 

***************************
APPLICATION FAILED TO START
***************************

Description:

Parameter 1 of constructor in com.example.coupleDiary.service.DiaryService required a bean of type 'java.lang.String' that could not be found.


Action:

Consider defining a bean of type 'java.lang.String' in your configuration.

